# JRE version: OpenJDK Runtime Environment Temurin-21.0.9+10 (21.0.9+10) (build 21.0.9+10-LTS)
# Java VM: OpenJDK 64-Bit Server VM Temurin-21.0.9+10 (21.0.9+10-LTS, mixed mode, sharing, tiered, compressed oops, compressed class ptrs, parallel gc, windows-amd64)
GC Precious Log:
 CardTable entry size: 512
 CPUs: 18 total, 18 available
 Memory: 32214M
 Large Page Support: Disabled
 NUMA Support: Disabled
 Compressed Oops: Enabled (32-bit)
 Alignments: Space 512K, Generation 512K, Heap 2M
 Heap Min Capacity: 100M
 Heap Initial Capacity: 100M
 Heap Max Capacity: 2G
 Pre-touch: Disabled
 Parallel Workers: 14
Heap:
 PSYoungGen      total 3072K, used 1649K [0x00000000d5580000, 0x00000000d5980000, 0x0000000100000000)
  eden space 2560K, 55% used [0x00000000d5580000,0x00000000d56e4560,0x00000000d5800000)
  from space 512K, 43% used [0x00000000d5880000,0x00000000d58b8000,0x00000000d5900000)
  to   space 512K, 0% used [0x00000000d5900000,0x00000000d5900000,0x00000000d5980000)
 ParOldGen       total 769024K, used 268893K [0x0000000080000000, 0x00000000aef00000, 0x00000000d5580000)
  object space 769024K, 34% used [0x0000000080000000,0x0000000090697598,0x00000000aef00000)
 Metaspace       used 90295K, committed 92160K, reserved 1179648K
  class space    used 9145K, committed 9984K, reserved 1048576K
GC Heap History (20 events):
Event: 7092.099 GC heap before
{Heap before GC invocations=2191 (full 5):
 PSYoungGen      total 3072K, used 2964K [0x00000000d5580000, 0x00000000d5a00000, 0x0000000100000000)
  eden space 2560K, 96% used [0x00000000d5580000,0x00000000d57e9a48,0x00000000d5800000)
  from space 512K, 96% used [0x00000000d5880000,0x00000000d58fb7d8,0x00000000d5900000)
  to   space 1024K, 0% used [0x00000000d5900000,0x00000000d5900000,0x00000000d5a00000)
 ParOldGen       total 769024K, used 267350K [0x0000000080000000, 0x00000000aef00000, 0x00000000d5580000)
  object space 769024K, 34% used [0x0000000080000000,0x0000000090515a20,0x00000000aef00000)
 Metaspace       used 89951K, committed 91904K, reserved 1179648K
  class space    used 9120K, committed 9984K, reserved 1048576K
}
Event: 7092.100 GC heap after
{Heap after GC invocations=2191 (full 5):
 PSYoungGen      total 3584K, used 384K [0x00000000d5580000, 0x00000000d5a00000, 0x0000000100000000)
  eden space 2560K, 0% used [0x00000000d5580000,0x00000000d5580000,0x00000000d5800000)
  from space 1024K, 37% used [0x00000000d5900000,0x00000000d5960000,0x00000000d5a00000)
  to   space 1024K, 0% used [0x00000000d5800000,0x00000000d5800000,0x00000000d5900000)
 ParOldGen       total 769024K, used 267422K [0x0000000080000000, 0x00000000aef00000, 0x00000000d5580000)
  object space 769024K, 34% used [0x0000000080000000,0x0000000090527a20,0x00000000aef00000)
 Metaspace       used 89951K, committed 91904K, reserved 1179648K
  class space    used 9120K, committed 9984K, reserved 1048576K
}
Event: 7092.126 GC heap before
{Heap before GC invocations=2192 (full 5):
 PSYoungGen      total 3584K, used 2936K [0x00000000d5580000, 0x00000000d5a00000, 0x0000000100000000)
  eden space 2560K, 99% used [0x00000000d5580000,0x00000000d57fe0b8,0x00000000d5800000)
  from space 1024K, 37% used [0x00000000d5900000,0x00000000d5960000,0x00000000d5a00000)
  to   space 1024K, 0% used [0x00000000d5800000,0x00000000d5800000,0x00000000d5900000)
 ParOldGen       total 769024K, used 267422K [0x0000000080000000, 0x00000000aef00000, 0x00000000d5580000)
  object space 769024K, 34% used [0x0000000080000000,0x0000000090527a20,0x00000000aef00000)
 Metaspace       used 89951K, committed 91904K, reserved 1179648K
  class space    used 9120K, committed 9984K, reserved 1048576K
}
Event: 7092.137 GC heap after
{Heap after GC invocations=2192 (full 5):
 PSYoungGen      total 3584K, used 256K [0x00000000d5580000, 0x00000000d5980000, 0x0000000100000000)
  eden space 2560K, 0% used [0x00000000d5580000,0x00000000d5580000,0x00000000d5800000)
  from space 1024K, 25% used [0x00000000d5800000,0x00000000d5840000,0x00000000d5900000)
  to   space 512K, 0% used [0x00000000d5900000,0x00000000d5900000,0x00000000d5980000)
 ParOldGen       total 769024K, used 267566K [0x0000000080000000, 0x00000000aef00000, 0x00000000d5580000)
  object space 769024K, 34% used [0x0000000080000000,0x000000009054ba20,0x00000000aef00000)
 Metaspace       used 89951K, committed 91904K, reserved 1179648K
  class space    used 9120K, committed 9984K, reserved 1048576K
}
Event: 7092.189 GC heap before
{Heap before GC invocations=2193 (full 5):
 PSYoungGen      total 3584K, used 2816K [0x00000000d5580000, 0x00000000d5980000, 0x0000000100000000)
  eden space 2560K, 100% used [0x00000000d5580000,0x00000000d5800000,0x00000000d5800000)
  from space 1024K, 25% used [0x00000000d5800000,0x00000000d5840000,0x00000000d5900000)
  to   space 512K, 0% used [0x00000000d5900000,0x00000000d5900000,0x00000000d5980000)
 ParOldGen       total 769024K, used 267566K [0x0000000080000000, 0x00000000aef00000, 0x00000000d5580000)
  object space 769024K, 34% used [0x0000000080000000,0x000000009054ba20,0x00000000aef00000)
 Metaspace       used 89956K, committed 91904K, reserved 1179648K
  class space    used 9120K, committed 9984K, reserved 1048576K
}
Event: 7092.190 GC heap after
{Heap after GC invocations=2193 (full 5):
 PSYoungGen      total 3072K, used 480K [0x00000000d5580000, 0x00000000d5a00000, 0x0000000100000000)
  eden space 2560K, 0% used [0x00000000d5580000,0x00000000d5580000,0x00000000d5800000)
  from space 512K, 93% used [0x00000000d5900000,0x00000000d5978000,0x00000000d5980000)
  to   space 1024K, 0% used [0x00000000d5800000,0x00000000d5800000,0x00000000d5900000)
 ParOldGen       total 769024K, used 267630K [0x0000000080000000, 0x00000000aef00000, 0x00000000d5580000)
  object space 769024K, 34% used [0x0000000080000000,0x000000009055ba20,0x00000000aef00000)
 Metaspace       used 89956K, committed 91904K, reserved 1179648K
  class space    used 9120K, committed 9984K, reserved 1048576K
}
Event: 7092.207 GC heap before
{Heap before GC invocations=2194 (full 5):
 PSYoungGen      total 3072K, used 3030K [0x00000000d5580000, 0x00000000d5a00000, 0x0000000100000000)
  eden space 2560K, 99% used [0x00000000d5580000,0x00000000d57fd858,0x00000000d5800000)
  from space 512K, 93% used [0x00000000d5900000,0x00000000d5978000,0x00000000d5980000)
  to   space 1024K, 0% used [0x00000000d5800000,0x00000000d5800000,0x00000000d5900000)
 ParOldGen       total 769024K, used 267630K [0x0000000080000000, 0x00000000aef00000, 0x00000000d5580000)
  object space 769024K, 34% used [0x0000000080000000,0x000000009055ba20,0x00000000aef00000)
 Metaspace       used 89958K, committed 91904K, reserved 1179648K
  class space    used 9121K, committed 9984K, reserved 1048576K
}
Event: 7092.209 GC heap after
{Heap after GC invocations=2194 (full 5):
 PSYoungGen      total 3584K, used 656K [0x00000000d5580000, 0x00000000d5a00000, 0x0000000100000000)
  eden space 2560K, 0% used [0x00000000d5580000,0x00000000d5580000,0x00000000d5800000)
  from space 1024K, 64% used [0x00000000d5800000,0x00000000d58a4010,0x00000000d5900000)
  to   space 1024K, 0% used [0x00000000d5900000,0x00000000d5900000,0x00000000d5a00000)
 ParOldGen       total 769024K, used 267898K [0x0000000080000000, 0x00000000aef00000, 0x00000000d5580000)
  object space 769024K, 34% used [0x0000000080000000,0x000000009059ea30,0x00000000aef00000)
 Metaspace       used 89958K, committed 91904K, reserved 1179648K
  class space    used 9121K, committed 9984K, reserved 1048576K
}
Event: 7092.263 GC heap before
{Heap before GC invocations=2195 (full 5):
 PSYoungGen      total 3584K, used 3216K [0x00000000d5580000, 0x00000000d5a00000, 0x0000000100000000)
  eden space 2560K, 100% used [0x00000000d5580000,0x00000000d5800000,0x00000000d5800000)
  from space 1024K, 64% used [0x00000000d5800000,0x00000000d58a4010,0x00000000d5900000)
  to   space 1024K, 0% used [0x00000000d5900000,0x00000000d5900000,0x00000000d5a00000)
 ParOldGen       total 769024K, used 267898K [0x0000000080000000, 0x00000000aef00000, 0x00000000d5580000)
  object space 769024K, 34% used [0x0000000080000000,0x000000009059ea30,0x00000000aef00000)
 Metaspace       used 89991K, committed 91904K, reserved 1179648K
  class space    used 9124K, committed 9984K, reserved 1048576K
}
Event: 7092.264 GC heap after
{Heap after GC invocations=2195 (full 5):
 PSYoungGen      total 3072K, used 384K [0x00000000d5580000, 0x00000000d5980000, 0x0000000100000000)
  eden space 2560K, 0% used [0x00000000d5580000,0x00000000d5580000,0x00000000d5800000)
  from space 512K, 75% used [0x00000000d5900000,0x00000000d5960000,0x00000000d5980000)
  to   space 512K, 0% used [0x00000000d5880000,0x00000000d5880000,0x00000000d5900000)
 ParOldGen       total 769024K, used 267994K [0x0000000080000000, 0x00000000aef00000, 0x00000000d5580000)
  object space 769024K, 34% used [0x0000000080000000,0x00000000905b6a30,0x00000000aef00000)
 Metaspace       used 89991K, committed 91904K, reserved 1179648K
  class space    used 9124K, committed 9984K, reserved 1048576K
}
Event: 7092.310 GC heap before
{Heap before GC invocations=2196 (full 5):
 PSYoungGen      total 3072K, used 2887K [0x00000000d5580000, 0x00000000d5980000, 0x0000000100000000)
  eden space 2560K, 97% used [0x00000000d5580000,0x00000000d57f1ef0,0x00000000d5800000)
  from space 512K, 75% used [0x00000000d5900000,0x00000000d5960000,0x00000000d5980000)
  to   space 512K, 0% used [0x00000000d5880000,0x00000000d5880000,0x00000000d5900000)
 ParOldGen       total 769024K, used 267994K [0x0000000080000000, 0x00000000aef00000, 0x00000000d5580000)
  object space 769024K, 34% used [0x0000000080000000,0x00000000905b6a30,0x00000000aef00000)
 Metaspace       used 90094K, committed 91968K, reserved 1179648K
  class space    used 9137K, committed 9984K, reserved 1048576K
}
Event: 7092.312 GC heap after
{Heap after GC invocations=2196 (full 5):
 PSYoungGen      total 3072K, used 485K [0x00000000d5580000, 0x00000000d5980000, 0x0000000100000000)
  eden space 2560K, 0% used [0x00000000d5580000,0x00000000d5580000,0x00000000d5800000)
  from space 512K, 94% used [0x00000000d5880000,0x00000000d58f9420,0x00000000d5900000)
  to   space 512K, 0% used [0x00000000d5900000,0x00000000d5900000,0x00000000d5980000)
 ParOldGen       total 769024K, used 268218K [0x0000000080000000, 0x00000000aef00000, 0x00000000d5580000)
  object space 769024K, 34% used [0x0000000080000000,0x00000000905eea30,0x00000000aef00000)
 Metaspace       used 90094K, committed 91968K, reserved 1179648K
  class space    used 9137K, committed 9984K, reserved 1048576K
}
Event: 7092.390 GC heap before
{Heap before GC invocations=2197 (full 5):
 PSYoungGen      total 3072K, used 3045K [0x00000000d5580000, 0x00000000d5980000, 0x0000000100000000)
  eden space 2560K, 100% used [0x00000000d5580000,0x00000000d5800000,0x00000000d5800000)
  from space 512K, 94% used [0x00000000d5880000,0x00000000d58f9420,0x00000000d5900000)
  to   space 512K, 0% used [0x00000000d5900000,0x00000000d5900000,0x00000000d5980000)
 ParOldGen       total 769024K, used 268218K [0x0000000080000000, 0x00000000aef00000, 0x00000000d5580000)
  object space 769024K, 34% used [0x0000000080000000,0x00000000905eea30,0x00000000aef00000)
 Metaspace       used 90234K, committed 92096K, reserved 1179648K
  class space    used 9143K, committed 9984K, reserved 1048576K
}
Event: 7092.391 GC heap after
{Heap after GC invocations=2197 (full 5):
 PSYoungGen      total 3072K, used 352K [0x00000000d5580000, 0x00000000d5980000, 0x0000000100000000)
  eden space 2560K, 0% used [0x00000000d5580000,0x00000000d5580000,0x00000000d5800000)
  from space 512K, 68% used [0x00000000d5900000,0x00000000d5958000,0x00000000d5980000)
  to   space 512K, 0% used [0x00000000d5880000,0x00000000d5880000,0x00000000d5900000)
 ParOldGen       total 769024K, used 268493K [0x0000000080000000, 0x00000000aef00000, 0x00000000d5580000)
  object space 769024K, 34% used [0x0000000080000000,0x0000000090633578,0x00000000aef00000)
 Metaspace       used 90234K, committed 92096K, reserved 1179648K
  class space    used 9143K, committed 9984K, reserved 1048576K
}
Event: 17325.014 GC heap before
{Heap before GC invocations=2198 (full 5):
 PSYoungGen      total 3072K, used 2911K [0x00000000d5580000, 0x00000000d5980000, 0x0000000100000000)
  eden space 2560K, 99% used [0x00000000d5580000,0x00000000d57fffe8,0x00000000d5800000)
  from space 512K, 68% used [0x00000000d5900000,0x00000000d5958000,0x00000000d5980000)
  to   space 512K, 0% used [0x00000000d5880000,0x00000000d5880000,0x00000000d5900000)
 ParOldGen       total 769024K, used 268493K [0x0000000080000000, 0x00000000aef00000, 0x00000000d5580000)
  object space 769024K, 34% used [0x0000000080000000,0x0000000090633578,0x00000000aef00000)
 Metaspace       used 90277K, committed 92160K, reserved 1179648K
  class space    used 9144K, committed 9984K, reserved 1048576K
}
Event: 17325.054 GC heap after
{Heap after GC invocations=2198 (full 5):
 PSYoungGen      total 3072K, used 480K [0x00000000d5580000, 0x00000000d5980000, 0x0000000100000000)
  eden space 2560K, 0% used [0x00000000d5580000,0x00000000d5580000,0x00000000d5800000)
  from space 512K, 93% used [0x00000000d5880000,0x00000000d58f8010,0x00000000d5900000)
  to   space 512K, 0% used [0x00000000d5900000,0x00000000d5900000,0x00000000d5980000)
 ParOldGen       total 769024K, used 268653K [0x0000000080000000, 0x00000000aef00000, 0x00000000d5580000)
  object space 769024K, 34% used [0x0000000080000000,0x000000009065b588,0x00000000aef00000)
 Metaspace       used 90277K, committed 92160K, reserved 1179648K
  class space    used 9144K, committed 9984K, reserved 1048576K
}
Event: 50833.282 GC heap before
{Heap before GC invocations=2199 (full 5):
 PSYoungGen      total 3072K, used 3040K [0x00000000d5580000, 0x00000000d5980000, 0x0000000100000000)
  eden space 2560K, 100% used [0x00000000d5580000,0x00000000d5800000,0x00000000d5800000)
  from space 512K, 93% used [0x00000000d5880000,0x00000000d58f8010,0x00000000d5900000)
  to   space 512K, 0% used [0x00000000d5900000,0x00000000d5900000,0x00000000d5980000)
 ParOldGen       total 769024K, used 268653K [0x0000000080000000, 0x00000000aef00000, 0x00000000d5580000)
  object space 769024K, 34% used [0x0000000080000000,0x000000009065b588,0x00000000aef00000)
 Metaspace       used 90288K, committed 92160K, reserved 1179648K
  class space    used 9145K, committed 9984K, reserved 1048576K
}
Event: 50833.298 GC heap after
{Heap after GC invocations=2199 (full 5):
 PSYoungGen      total 3072K, used 224K [0x00000000d5580000, 0x00000000d5980000, 0x0000000100000000)
  eden space 2560K, 0% used [0x00000000d5580000,0x00000000d5580000,0x00000000d5800000)
  from space 512K, 43% used [0x00000000d5900000,0x00000000d5938000,0x00000000d5980000)
  to   space 512K, 0% used [0x00000000d5880000,0x00000000d5880000,0x00000000d5900000)
 ParOldGen       total 769024K, used 268837K [0x0000000080000000, 0x00000000aef00000, 0x00000000d5580000)
  object space 769024K, 34% used [0x0000000080000000,0x0000000090689598,0x00000000aef00000)
 Metaspace       used 90288K, committed 92160K, reserved 1179648K
  class space    used 9145K, committed 9984K, reserved 1048576K
}
Event: 191960.176 GC heap before
{Heap before GC invocations=2200 (full 5):
 PSYoungGen      total 3072K, used 2784K [0x00000000d5580000, 0x00000000d5980000, 0x0000000100000000)
  eden space 2560K, 100% used [0x00000000d5580000,0x00000000d5800000,0x00000000d5800000)
  from space 512K, 43% used [0x00000000d5900000,0x00000000d5938000,0x00000000d5980000)
  to   space 512K, 0% used [0x00000000d5880000,0x00000000d5880000,0x00000000d5900000)
 ParOldGen       total 769024K, used 268837K [0x0000000080000000, 0x00000000aef00000, 0x00000000d5580000)
  object space 769024K, 34% used [0x0000000080000000,0x0000000090689598,0x00000000aef00000)
 Metaspace       used 90290K, committed 92160K, reserved 1179648K
  class space    used 9145K, committed 9984K, reserved 1048576K
}
Event: 191960.212 GC heap after
{Heap after GC invocations=2200 (full 5):
 PSYoungGen      total 3072K, used 224K [0x00000000d5580000, 0x00000000d5980000, 0x0000000100000000)
  eden space 2560K, 0% used [0x00000000d5580000,0x00000000d5580000,0x00000000d5800000)
  from space 512K, 43% used [0x00000000d5880000,0x00000000d58b8000,0x00000000d5900000)
  to   space 512K, 0% used [0x00000000d5900000,0x00000000d5900000,0x00000000d5980000)
 ParOldGen       total 769024K, used 268893K [0x0000000080000000, 0x00000000aef00000, 0x00000000d5580000)
  object space 769024K, 34% used [0x0000000080000000,0x0000000090697598,0x00000000aef00000)
 Metaspace       used 90290K, committed 92160K, reserved 1179648K
  class space    used 9145K, committed 9984K, reserved 1048576K
}

